<?xml version="1.0" encoding="UTF-8"?>
<!-- Generated by org.testng.reporters.JUnitReportReporter -->
<testsuite hostname="LP-5CD6518T2V" name="com.qa.test.LoginPageTest" tests="2" failures="0" timestamp="5 Jun 2018 12:37:08 GMT" time="2.940" errors="0">
  <testcase name="test3" time="2.551" classname="com.qa.test.LoginPageTest"/>
  <testcase name="test2" time="0.389" classname="com.qa.test.LoginPageTest"/>
</testsuite> <!-- com.qa.test.LoginPageTest -->
