<?xml version="1.0" encoding="UTF-8"?>
<!-- Generated by org.testng.reporters.JUnitReportReporter -->
<testsuite hostname="LP-5CD6518T2V" name="com.qa.test.LoginPageTest" tests="2" failures="0" timestamp="5 Jun 2018 17:06:27 GMT" time="3.574" errors="0">
  <testcase name="test3" time="3.143" classname="com.qa.test.LoginPageTest"/>
  <testcase name="test2" time="0.431" classname="com.qa.test.LoginPageTest"/>
</testsuite> <!-- com.qa.test.LoginPageTest -->
